  [1m[35m (1.5ms)[0m  [1m[35mCREATE TABLE "schema_migrations" ("version" varchar NOT NULL PRIMARY KEY)[0m
  [1m[35m (1.2ms)[0m  [1m[35mCREATE TABLE "ar_internal_metadata" ("key" varchar NOT NULL PRIMARY KEY, "value" varchar, "created_at" datetime NOT NULL, "updated_at" datetime NOT NULL)[0m
  [1m[36mActiveRecord::SchemaMigration Load (0.2ms)[0m  [1m[34mSELECT "schema_migrations".* FROM "schema_migrations"[0m
Migrating to CreateLocations (20170601045305)
  [1m[35m (0.1ms)[0m  [1m[36mbegin transaction[0m
  [1m[35m (1.0ms)[0m  [1m[35mCREATE TABLE "locations" ("id" INTEGER PRIMARY KEY AUTOINCREMENT NOT NULL, "name" varchar, "created_at" datetime NOT NULL, "updated_at" datetime NOT NULL)[0m
  [1m[35mSQL (0.2ms)[0m  [1m[32mINSERT INTO "schema_migrations" ("version") VALUES (?)[0m  [["version", "20170601045305"]]
  [1m[35m (1.1ms)[0m  [1m[36mcommit transaction[0m
Migrating to CreateRecordings (20170601045449)
  [1m[35m (0.0ms)[0m  [1m[36mbegin transaction[0m
  [1m[35m (0.4ms)[0m  [1m[35mCREATE TABLE "recordings" ("id" INTEGER PRIMARY KEY AUTOINCREMENT NOT NULL, "location_id" integer, "temp" integer, "status" varchar, "created_at" datetime NOT NULL, "updated_at" datetime NOT NULL)[0m
  [1m[35m (0.1ms)[0m  [1m[34mselect sqlite_version(*)[0m
  [1m[35m (0.1ms)[0m  [1m[35mCREATE  INDEX "index_recordings_on_location_id" ON "recordings" ("location_id")[0m
  [1m[35mSQL (0.2ms)[0m  [1m[32mINSERT INTO "schema_migrations" ("version") VALUES (?)[0m  [["version", "20170601045449"]]
  [1m[35m (1.0ms)[0m  [1m[36mcommit transaction[0m
  [1m[36mActiveRecord::InternalMetadata Load (0.1ms)[0m  [1m[34mSELECT  "ar_internal_metadata".* FROM "ar_internal_metadata" WHERE "ar_internal_metadata"."key" = ? LIMIT ?[0m  [["key", "environment"], ["LIMIT", 1]]
  [1m[35m (0.1ms)[0m  [1m[36mbegin transaction[0m
  [1m[35mSQL (0.4ms)[0m  [1m[32mINSERT INTO "ar_internal_metadata" ("key", "value", "created_at", "updated_at") VALUES (?, ?, ?, ?)[0m  [["key", "environment"], ["value", "development"], ["created_at", "2017-06-01 04:55:31.084810"], ["updated_at", "2017-06-01 04:55:31.084810"]]
  [1m[35m (0.9ms)[0m  [1m[36mcommit transaction[0m
  [1m[36mActiveRecord::SchemaMigration Load (0.1ms)[0m  [1m[34mSELECT "schema_migrations".* FROM "schema_migrations"[0m
  [1m[35m (0.1ms)[0m  [1m[34m            SELECT sql
            FROM sqlite_master
            WHERE name='index_recordings_on_location_id' AND type='index'
            UNION ALL
            SELECT sql
            FROM sqlite_temp_master
            WHERE name='index_recordings_on_location_id' AND type='index'
[0m
  [1m[36mActiveRecord::SchemaMigration Load (0.2ms)[0m  [1m[34mSELECT "schema_migrations".* FROM "schema_migrations"[0m
  [1m[35m (0.1ms)[0m  [1m[36mbegin transaction[0m
  [1m[35mSQL (0.4ms)[0m  [1m[32mINSERT INTO "locations" ("name", "created_at", "updated_at") VALUES (?, ?, ?)[0m  [["name", "New York City"], ["created_at", "2017-06-01 05:04:40.663849"], ["updated_at", "2017-06-01 05:04:40.663849"]]
  [1m[35m (1.9ms)[0m  [1m[36mcommit transaction[0m
  [1m[35m (0.1ms)[0m  [1m[36mbegin transaction[0m
  [1m[35mSQL (0.4ms)[0m  [1m[32mINSERT INTO "recordings" ("location_id", "temp", "status", "created_at", "updated_at") VALUES (?, ?, ?, ?, ?)[0m  [["location_id", 1], ["temp", 32], ["status", "cloudy"], ["created_at", "2017-06-01 05:04:40.695761"], ["updated_at", "2017-06-01 05:04:40.695761"]]
  [1m[35m (1.0ms)[0m  [1m[36mcommit transaction[0m
  [1m[35m (0.1ms)[0m  [1m[36mbegin transaction[0m
  [1m[35mSQL (0.4ms)[0m  [1m[32mINSERT INTO "recordings" ("location_id", "temp", "status", "created_at", "updated_at") VALUES (?, ?, ?, ?, ?)[0m  [["location_id", 1], ["temp", 34], ["status", "rainy"], ["created_at", "2017-06-01 05:04:40.699813"], ["updated_at", "2017-06-01 05:04:40.699813"]]
  [1m[35m (1.1ms)[0m  [1m[36mcommit transaction[0m
  [1m[35m (0.1ms)[0m  [1m[36mbegin transaction[0m
  [1m[35mSQL (0.3ms)[0m  [1m[32mINSERT INTO "recordings" ("location_id", "temp", "status", "created_at", "updated_at") VALUES (?, ?, ?, ?, ?)[0m  [["location_id", 1], ["temp", 30], ["status", "rainy"], ["created_at", "2017-06-01 05:04:40.702906"], ["updated_at", "2017-06-01 05:04:40.702906"]]
  [1m[35m (0.8ms)[0m  [1m[36mcommit transaction[0m
  [1m[35m (0.0ms)[0m  [1m[36mbegin transaction[0m
  [1m[35mSQL (0.5ms)[0m  [1m[32mINSERT INTO "recordings" ("location_id", "temp", "status", "created_at", "updated_at") VALUES (?, ?, ?, ?, ?)[0m  [["location_id", 1], ["temp", 28], ["status", "cloudy"], ["created_at", "2017-06-01 05:04:40.705839"], ["updated_at", "2017-06-01 05:04:40.705839"]]
  [1m[35m (0.8ms)[0m  [1m[36mcommit transaction[0m
  [1m[35m (0.0ms)[0m  [1m[36mbegin transaction[0m
  [1m[35mSQL (0.3ms)[0m  [1m[32mINSERT INTO "recordings" ("location_id", "temp", "status", "created_at", "updated_at") VALUES (?, ?, ?, ?, ?)[0m  [["location_id", 1], ["temp", 22], ["status", "sunny"], ["created_at", "2017-06-01 05:04:40.709445"], ["updated_at", "2017-06-01 05:04:40.709445"]]
  [1m[35m (0.7ms)[0m  [1m[36mcommit transaction[0m
  [1m[36mLocation Load (0.2ms)[0m  [1m[34mSELECT  "locations".* FROM "locations" ORDER BY "locations"."id" DESC LIMIT ?[0m  [["LIMIT", 1]]
  [1m[36mRecording Load (0.1ms)[0m  [1m[34mSELECT  "recordings".* FROM "recordings" WHERE "recordings"."location_id" = ? ORDER BY "recordings"."id" DESC LIMIT ?[0m  [["location_id", 1], ["LIMIT", 1]]
Started GET "/api/v1/locations/1.json" for 127.0.0.1 at 2017-06-01 00:22:21 -0500
  [1m[36mActiveRecord::SchemaMigration Load (0.2ms)[0m  [1m[34mSELECT "schema_migrations".* FROM "schema_migrations"[0m
Processing by Api::V1::LocationsController#show as JSON
  Parameters: {"id"=>"1"}
  [1m[36mLocation Load (0.2ms)[0m  [1m[34mSELECT  "locations".* FROM "locations" WHERE "locations"."id" = ? LIMIT ?[0m  [["id", 1], ["LIMIT", 1]]
  Rendering api/v1/locations/show.json.jbuilder
  [1m[36mRecording Load (0.2ms)[0m  [1m[34mSELECT  "recordings".* FROM "recordings" WHERE "recordings"."location_id" = ? ORDER BY "recordings"."id" DESC LIMIT ?[0m  [["location_id", 1], ["LIMIT", 1]]
  [1m[36mRecording Load (0.1ms)[0m  [1m[34mSELECT  "recordings".* FROM "recordings" WHERE "recordings"."location_id" = ? ORDER BY "recordings"."id" DESC LIMIT ?[0m  [["location_id", 1], ["LIMIT", 1]]
  Rendered api/v1/locations/show.json.jbuilder (38.9ms)
Completed 200 OK in 73ms (Views: 46.7ms | ActiveRecord: 1.5ms)


Started GET "/api/v1/locations/1.json" for 127.0.0.1 at 2017-06-01 00:24:19 -0500
  [1m[36mActiveRecord::SchemaMigration Load (0.2ms)[0m  [1m[34mSELECT "schema_migrations".* FROM "schema_migrations"[0m
Processing by Api::V1::LocationsController#show as JSON
  Parameters: {"id"=>"1"}
  [1m[36mLocation Load (0.2ms)[0m  [1m[34mSELECT  "locations".* FROM "locations" WHERE "locations"."id" = ? LIMIT ?[0m  [["id", 1], ["LIMIT", 1]]
  Rendering api/v1/locations/show.json.jbuilder
  [1m[36mRecording Load (0.5ms)[0m  [1m[34mSELECT  "recordings".* FROM "recordings" WHERE "recordings"."location_id" = ? ORDER BY "recordings"."id" DESC LIMIT ?[0m  [["location_id", 1], ["LIMIT", 1]]
  [1m[36mRecording Load (0.2ms)[0m  [1m[34mSELECT  "recordings".* FROM "recordings" WHERE "recordings"."location_id" = ? ORDER BY "recordings"."id" DESC LIMIT ?[0m  [["location_id", 1], ["LIMIT", 1]]
  Rendered api/v1/locations/show.json.jbuilder (34.6ms)
Completed 200 OK in 76ms (Views: 45.0ms | ActiveRecord: 2.0ms)


Started GET "/api/v1/locations/1" for 127.0.0.1 at 2017-06-01 00:26:30 -0500
Processing by Api::V1::LocationsController#show as HTML
  Parameters: {"id"=>"1"}
  [1m[36mLocation Load (0.5ms)[0m  [1m[34mSELECT  "locations".* FROM "locations" WHERE "locations"."id" = ? LIMIT ?[0m  [["id", 1], ["LIMIT", 1]]
Completed 406 Not Acceptable in 57ms (ActiveRecord: 0.5ms)


  
ActionController::UnknownFormat (Api::V1::LocationsController#show is missing a template for this request format and variant.

request.formats: ["text/html"]
request.variant: []):
  
actionpack (5.0.3) lib/action_controller/metal/implicit_render.rb:43:in `default_render'
actionpack (5.0.3) lib/action_controller/metal/basic_implicit_render.rb:4:in `block in send_action'
actionpack (5.0.3) lib/action_controller/metal/basic_implicit_render.rb:4:in `tap'
actionpack (5.0.3) lib/action_controller/metal/basic_implicit_render.rb:4:in `send_action'
actionpack (5.0.3) lib/abstract_controller/base.rb:188:in `process_action'
actionpack (5.0.3) lib/action_controller/metal/rendering.rb:30:in `process_action'
actionpack (5.0.3) lib/abstract_controller/callbacks.rb:20:in `block in process_action'
activesupport (5.0.3) lib/active_support/callbacks.rb:126:in `call'
activesupport (5.0.3) lib/active_support/callbacks.rb:506:in `block (2 levels) in compile'
activesupport (5.0.3) lib/active_support/callbacks.rb:455:in `call'
activesupport (5.0.3) lib/active_support/callbacks.rb:101:in `__run_callbacks__'
activesupport (5.0.3) lib/active_support/callbacks.rb:750:in `_run_process_action_callbacks'
activesupport (5.0.3) lib/active_support/callbacks.rb:90:in `run_callbacks'
actionpack (5.0.3) lib/abstract_controller/callbacks.rb:19:in `process_action'
actionpack (5.0.3) lib/action_controller/metal/rescue.rb:20:in `process_action'
actionpack (5.0.3) lib/action_controller/metal/instrumentation.rb:32:in `block in process_action'
activesupport (5.0.3) lib/active_support/notifications.rb:164:in `block in instrument'
activesupport (5.0.3) lib/active_support/notifications/instrumenter.rb:21:in `instrument'
activesupport (5.0.3) lib/active_support/notifications.rb:164:in `instrument'
actionpack (5.0.3) lib/action_controller/metal/instrumentation.rb:30:in `process_action'
actionpack (5.0.3) lib/action_controller/metal/params_wrapper.rb:248:in `process_action'
activerecord (5.0.3) lib/active_record/railties/controller_runtime.rb:18:in `process_action'
actionpack (5.0.3) lib/abstract_controller/base.rb:126:in `process'
actionview (5.0.3) lib/action_view/rendering.rb:30:in `process'
actionpack (5.0.3) lib/action_controller/metal.rb:190:in `dispatch'
actionpack (5.0.3) lib/action_controller/metal.rb:262:in `dispatch'
actionpack (5.0.3) lib/action_dispatch/routing/route_set.rb:50:in `dispatch'
actionpack (5.0.3) lib/action_dispatch/routing/route_set.rb:32:in `serve'
actionpack (5.0.3) lib/action_dispatch/journey/router.rb:39:in `block in serve'
actionpack (5.0.3) lib/action_dispatch/journey/router.rb:26:in `each'
actionpack (5.0.3) lib/action_dispatch/journey/router.rb:26:in `serve'
actionpack (5.0.3) lib/action_dispatch/routing/route_set.rb:725:in `call'
rack (2.0.3) lib/rack/etag.rb:25:in `call'
rack (2.0.3) lib/rack/conditional_get.rb:25:in `call'
rack (2.0.3) lib/rack/head.rb:12:in `call'
rack (2.0.3) lib/rack/session/abstract/id.rb:232:in `context'
rack (2.0.3) lib/rack/session/abstract/id.rb:226:in `call'
actionpack (5.0.3) lib/action_dispatch/middleware/cookies.rb:613:in `call'
activerecord (5.0.3) lib/active_record/migration.rb:553:in `call'
actionpack (5.0.3) lib/action_dispatch/middleware/callbacks.rb:38:in `block in call'
activesupport (5.0.3) lib/active_support/callbacks.rb:97:in `__run_callbacks__'
activesupport (5.0.3) lib/active_support/callbacks.rb:750:in `_run_call_callbacks'
activesupport (5.0.3) lib/active_support/callbacks.rb:90:in `run_callbacks'
actionpack (5.0.3) lib/action_dispatch/middleware/callbacks.rb:36:in `call'
actionpack (5.0.3) lib/action_dispatch/middleware/executor.rb:12:in `call'
actionpack (5.0.3) lib/action_dispatch/middleware/remote_ip.rb:79:in `call'
actionpack (5.0.3) lib/action_dispatch/middleware/debug_exceptions.rb:49:in `call'
web-console (3.5.1) lib/web_console/middleware.rb:135:in `call_app'
web-console (3.5.1) lib/web_console/middleware.rb:28:in `block in call'
web-console (3.5.1) lib/web_console/middleware.rb:18:in `catch'
web-console (3.5.1) lib/web_console/middleware.rb:18:in `call'
actionpack (5.0.3) lib/action_dispatch/middleware/show_exceptions.rb:31:in `call'
railties (5.0.3) lib/rails/rack/logger.rb:36:in `call_app'
railties (5.0.3) lib/rails/rack/logger.rb:24:in `block in call'
activesupport (5.0.3) lib/active_support/tagged_logging.rb:69:in `block in tagged'
activesupport (5.0.3) lib/active_support/tagged_logging.rb:26:in `tagged'
activesupport (5.0.3) lib/active_support/tagged_logging.rb:69:in `tagged'
railties (5.0.3) lib/rails/rack/logger.rb:24:in `call'
sprockets-rails (3.2.0) lib/sprockets/rails/quiet_assets.rb:13:in `call'
actionpack (5.0.3) lib/action_dispatch/middleware/request_id.rb:24:in `call'
rack (2.0.3) lib/rack/method_override.rb:22:in `call'
rack (2.0.3) lib/rack/runtime.rb:22:in `call'
activesupport (5.0.3) lib/active_support/cache/strategy/local_cache_middleware.rb:28:in `call'
actionpack (5.0.3) lib/action_dispatch/middleware/executor.rb:12:in `call'
actionpack (5.0.3) lib/action_dispatch/middleware/static.rb:136:in `call'
rack (2.0.3) lib/rack/sendfile.rb:111:in `call'
railties (5.0.3) lib/rails/engine.rb:522:in `call'
puma (3.8.2) lib/puma/configuration.rb:224:in `call'
puma (3.8.2) lib/puma/server.rb:600:in `handle_request'
puma (3.8.2) lib/puma/server.rb:435:in `process_client'
puma (3.8.2) lib/puma/server.rb:299:in `block in run'
puma (3.8.2) lib/puma/thread_pool.rb:120:in `block in spawn_thread'
  Rendering /Users/shresthasudhir/.rbenv/versions/2.4.0/lib/ruby/gems/2.4.0/gems/actionpack-5.0.3/lib/action_dispatch/middleware/templates/rescues/diagnostics.html.erb within rescues/layout
  Rendering /Users/shresthasudhir/.rbenv/versions/2.4.0/lib/ruby/gems/2.4.0/gems/actionpack-5.0.3/lib/action_dispatch/middleware/templates/rescues/_source.html.erb
  Rendered /Users/shresthasudhir/.rbenv/versions/2.4.0/lib/ruby/gems/2.4.0/gems/actionpack-5.0.3/lib/action_dispatch/middleware/templates/rescues/_source.html.erb (4.7ms)
  Rendering /Users/shresthasudhir/.rbenv/versions/2.4.0/lib/ruby/gems/2.4.0/gems/actionpack-5.0.3/lib/action_dispatch/middleware/templates/rescues/_trace.html.erb
  Rendered /Users/shresthasudhir/.rbenv/versions/2.4.0/lib/ruby/gems/2.4.0/gems/actionpack-5.0.3/lib/action_dispatch/middleware/templates/rescues/_trace.html.erb (7.1ms)
  Rendering /Users/shresthasudhir/.rbenv/versions/2.4.0/lib/ruby/gems/2.4.0/gems/actionpack-5.0.3/lib/action_dispatch/middleware/templates/rescues/_request_and_response.html.erb
  Rendered /Users/shresthasudhir/.rbenv/versions/2.4.0/lib/ruby/gems/2.4.0/gems/actionpack-5.0.3/lib/action_dispatch/middleware/templates/rescues/_request_and_response.html.erb (1.0ms)
  Rendered /Users/shresthasudhir/.rbenv/versions/2.4.0/lib/ruby/gems/2.4.0/gems/actionpack-5.0.3/lib/action_dispatch/middleware/templates/rescues/diagnostics.html.erb within rescues/layout (126.7ms)
Started GET "/api/v1/locations/1" for 127.0.0.1 at 2017-06-01 00:29:57 -0500
  [1m[36mActiveRecord::SchemaMigration Load (0.2ms)[0m  [1m[34mSELECT "schema_migrations".* FROM "schema_migrations"[0m
  
SyntaxError (/Users/shresthasudhir/ROR Project/weather/app/controllers/api_controller.rb:9: syntax error, unexpected end-of-input, expecting keyword_end):
  
app/controllers/api_controller.rb:9: syntax error, unexpected end-of-input, expecting keyword_end
app/controllers/api/v1/locations_controller.rb:1:in `<top (required)>'
  Rendering /Users/shresthasudhir/.rbenv/versions/2.4.0/lib/ruby/gems/2.4.0/gems/actionpack-5.0.3/lib/action_dispatch/middleware/templates/rescues/diagnostics.html.erb within rescues/layout
  Rendering /Users/shresthasudhir/.rbenv/versions/2.4.0/lib/ruby/gems/2.4.0/gems/actionpack-5.0.3/lib/action_dispatch/middleware/templates/rescues/_source.html.erb
  Rendered /Users/shresthasudhir/.rbenv/versions/2.4.0/lib/ruby/gems/2.4.0/gems/actionpack-5.0.3/lib/action_dispatch/middleware/templates/rescues/_source.html.erb (5.1ms)
  Rendering /Users/shresthasudhir/.rbenv/versions/2.4.0/lib/ruby/gems/2.4.0/gems/actionpack-5.0.3/lib/action_dispatch/middleware/templates/rescues/_trace.html.erb
  Rendered /Users/shresthasudhir/.rbenv/versions/2.4.0/lib/ruby/gems/2.4.0/gems/actionpack-5.0.3/lib/action_dispatch/middleware/templates/rescues/_trace.html.erb (3.5ms)
  Rendering /Users/shresthasudhir/.rbenv/versions/2.4.0/lib/ruby/gems/2.4.0/gems/actionpack-5.0.3/lib/action_dispatch/middleware/templates/rescues/_request_and_response.html.erb
  Rendered /Users/shresthasudhir/.rbenv/versions/2.4.0/lib/ruby/gems/2.4.0/gems/actionpack-5.0.3/lib/action_dispatch/middleware/templates/rescues/_request_and_response.html.erb (14.2ms)
  Rendered /Users/shresthasudhir/.rbenv/versions/2.4.0/lib/ruby/gems/2.4.0/gems/actionpack-5.0.3/lib/action_dispatch/middleware/templates/rescues/diagnostics.html.erb within rescues/layout (139.3ms)
Started GET "/api/v1/locations/1" for 127.0.0.1 at 2017-06-01 00:30:18 -0500
  [1m[36mActiveRecord::SchemaMigration Load (0.3ms)[0m  [1m[34mSELECT "schema_migrations".* FROM "schema_migrations"[0m
Processing by Api::V1::LocationsController#show as HTML
  Parameters: {"id"=>"1"}
  [1m[36mLocation Load (0.2ms)[0m  [1m[34mSELECT  "locations".* FROM "locations" WHERE "locations"."id" = ? LIMIT ?[0m  [["id", 1], ["LIMIT", 1]]
  Rendering api/v1/locations/show.json.jbuilder
  [1m[36mRecording Load (0.2ms)[0m  [1m[34mSELECT  "recordings".* FROM "recordings" WHERE "recordings"."location_id" = ? ORDER BY "recordings"."id" DESC LIMIT ?[0m  [["location_id", 1], ["LIMIT", 1]]
  [1m[36mRecording Load (0.1ms)[0m  [1m[34mSELECT  "recordings".* FROM "recordings" WHERE "recordings"."location_id" = ? ORDER BY "recordings"."id" DESC LIMIT ?[0m  [["location_id", 1], ["LIMIT", 1]]
  Rendered api/v1/locations/show.json.jbuilder (38.3ms)
Completed 200 OK in 79ms (Views: 49.4ms | ActiveRecord: 2.2ms)


